#
# There is insufficient memory for the Java Runtime Environment to continue.
# Native memory allocation (malloc) failed to allocate 1048576 bytes for AllocateHeap
# Possible reasons:
#   The system is out of physical RAM or swap space
#   The process is running with CompressedOops enabled, and the Java Heap may be blocking the growth of the native heap
# Possible solutions:
#   Reduce memory load on the system
#   Increase physical memory or swap space
#   Check if swap backing store is full
#   Decrease Java heap size (-Xmx/-Xms)
#   Decrease number of Java threads
#   Decrease Java thread stack sizes (-Xss)
#   Set larger code cache with -XX:ReservedCodeCacheSize=
#   JVM is running with Zero Based Compressed Oops mode in which the Java heap is
#     placed in the first 32GB address space. The Java Heap base address is the
#     maximum limit for the native heap growth. Please use -XX:HeapBaseMinAddress
#     to set the Java Heap base and to place the Java Heap above 32GB virtual address.
# This output file may be truncated or incomplete.
#
#  Out of Memory Error (memory/allocation.inline.hpp:61), pid=3884, tid=0x0000000000003410
#
# JRE version:  (8.0_281-b09) (build )
# Java VM: Java HotSpot(TM) 64-Bit Server VM (25.281-b09 mixed mode windows-amd64 compressed oops)
# Failed to write core dump. Minidumps are not enabled by default on client versions of Windows
#

---------------  T H R E A D  ---------------

Current thread (0x00000144e4337800):  JavaThread "Unknown thread" [_thread_in_vm, id=13328, stack(0x0000002de3e00000,0x0000002de3f00000)]

Stack: [0x0000002de3e00000,0x0000002de3f00000]
Native frames: (J=compiled Java code, j=interpreted, Vv=VM code, C=native code)
V  [jvm.dll+0x32e5b9]
V  [jvm.dll+0x275012]
V  [jvm.dll+0x275cbd]
V  [jvm.dll+0x26c6f5]
V  [jvm.dll+0x509d]
V  [jvm.dll+0x3d2b23]
V  [jvm.dll+0x3d3538]
V  [jvm.dll+0xfcaaf]
V  [jvm.dll+0x209a1b]
V  [jvm.dll+0x2383d7]
V  [jvm.dll+0x162566]
C  [java.exe+0x2312]
C  [java.exe+0x15f54]
C  [KERNEL32.DLL+0x154e0]
C  [ntdll.dll+0x485b]


---------------  P R O C E S S  ---------------

Java Threads: ( => current thread )

Other Threads:

=>0x00000144e4337800 (exited) JavaThread "Unknown thread" [_thread_in_vm, id=13328, stack(0x0000002de3e00000,0x0000002de3f00000)]

VM state:not at safepoint (normal execution)

VM Mutex/Monitor currently owned by a thread: None

heap address: 0x0000000701c00000, size: 3044 MB, Compressed Oops mode: Zero based, Oop shift amount: 3
Narrow klass base: 0x0000000000000000, Narrow klass shift: 3
Compressed class space size: 1073741824 Address: 0x00000007c0000000

Heap:
 PSYoungGen      total 57344K, used 983K [0x0000000780980000, 0x0000000784980000, 0x00000007c0000000)
  eden space 49152K, 2% used [0x0000000780980000,0x0000000780a75c38,0x0000000783980000)
  from space 8192K, 0% used [0x0000000784180000,0x0000000784180000,0x0000000784980000)
  to   space 8192K, 0% used [0x0000000783980000,0x0000000783980000,0x0000000784180000)
 ParOldGen       total 131072K, used 0K [0x0000000701c00000, 0x0000000709c00000, 0x0000000780980000)
  object space 131072K, 0% used [0x0000000701c00000,0x0000000701c00000,0x0000000709c00000)
 Metaspace       used 777K, capacity 4480K, committed 4480K, reserved 1056768K
  class space    used 76K, capacity 384K, committed 384K, reserved 1048576K

Card table byte_map: [0x00000144f5100000,0x00000144f5700000] byte_map_base: 0x00000144f18f2000

Marking Bits: (ParMarkBitMap*) 0x00000000628b6ff0
 Begin Bits: [0x00000144f5b00000, 0x00000144f8a90000)
 End Bits:   [0x00000144f8a90000, 0x00000144fba20000)

Polling page: 0x00000144e4440000

CodeCache: size=245760Kb used=328Kb max_used=328Kb free=245431Kb
 bounds [0x00000144e5d40000, 0x00000144e5fb0000, 0x00000144f4d40000]
 total_blobs=58 nmethods=0 adapters=38
 compilation: enabled

Compilation events (0 events):
No events

GC Heap History (0 events):
No events

Deoptimization events (0 events):
No events

Classes redefined (0 events):
No events

Internal exceptions (0 events):
No events

Events (10 events):
Event: 0.028 loading class java/lang/Short
Event: 0.028 loading class java/lang/Short done
Event: 0.028 loading class java/lang/Integer
Event: 0.028 loading class java/lang/Integer done
Event: 0.028 loading class java/lang/Long
Event: 0.028 loading class java/lang/Long done
Event: 0.029 loading class java/lang/NullPointerException
Event: 0.029 loading class java/lang/NullPointerException done
Event: 0.029 loading class java/lang/ArithmeticException
Event: 0.029 loading class java/lang/ArithmeticException done


Dynamic libraries:
0x00007ff641280000 - 0x00007ff6412c7000 	C:\Program Files\Java\jdk1.8.0_281\jre\bin\java.exe
0x00007fff97f20000 - 0x00007fff98127000 	C:\Windows\SYSTEM32\ntdll.dll
0x00007fff96400000 - 0x00007fff964bd000 	C:\Windows\System32\KERNEL32.DLL
0x00007fff955d0000 - 0x00007fff95944000 	C:\Windows\System32\KERNELBASE.dll
0x00007fff976b0000 - 0x00007fff9775e000 	C:\Windows\System32\ADVAPI32.dll
0x00007fff97c80000 - 0x00007fff97d23000 	C:\Windows\System32\msvcrt.dll
0x00007fff97d50000 - 0x00007fff97dee000 	C:\Windows\System32\sechost.dll
0x00007fff97810000 - 0x00007fff97930000 	C:\Windows\System32\RPCRT4.dll
0x00007fff97500000 - 0x00007fff976ac000 	C:\Windows\System32\USER32.dll
0x00007fff95a10000 - 0x00007fff95a36000 	C:\Windows\System32\win32u.dll
0x00007fff977e0000 - 0x00007fff97809000 	C:\Windows\System32\GDI32.dll
0x00007fff954b0000 - 0x00007fff955c2000 	C:\Windows\System32\gdi32full.dll
0x00007fff95410000 - 0x00007fff954ad000 	C:\Windows\System32\msvcp_win.dll
0x00007fff95ab0000 - 0x00007fff95bc1000 	C:\Windows\System32\ucrtbase.dll
0x00007fff7a720000 - 0x00007fff7a9c5000 	C:\Windows\WinSxS\amd64_microsoft.windows.common-controls_6595b64144ccf1df_6.0.22000.120_none_9d947278b86cc467\COMCTL32.dll
0x00007fff96770000 - 0x00007fff967a1000 	C:\Windows\System32\IMM32.DLL
0x00007fff8ffc0000 - 0x00007fff8ffd5000 	C:\Program Files\Java\jdk1.8.0_281\jre\bin\vcruntime140.dll
0x00007fff60640000 - 0x00007fff606db000 	C:\Program Files\Java\jdk1.8.0_281\jre\bin\msvcp140.dll
0x00000000620d0000 - 0x000000006292f000 	C:\Program Files\Java\jdk1.8.0_281\jre\bin\server\jvm.dll
0x00007fff96760000 - 0x00007fff96768000 	C:\Windows\System32\PSAPI.DLL
0x00007fff90690000 - 0x00007fff906c3000 	C:\Windows\SYSTEM32\WINMM.dll
0x00007fff90080000 - 0x00007fff9008a000 	C:\Windows\SYSTEM32\VERSION.dll
0x00007fff7b860000 - 0x00007fff7b869000 	C:\Windows\SYSTEM32\WSOCK32.dll
0x00007fff97930000 - 0x00007fff9799f000 	C:\Windows\System32\WS2_32.dll
0x00007fff94510000 - 0x00007fff94528000 	C:\Windows\SYSTEM32\kernel.appcore.dll
0x00007fff87e70000 - 0x00007fff87e80000 	C:\Program Files\Java\jdk1.8.0_281\jre\bin\verify.dll
0x00007fff6c340000 - 0x00007fff6c36b000 	C:\Program Files\Java\jdk1.8.0_281\jre\bin\java.dll
0x00007fff84480000 - 0x00007fff84498000 	C:\Program Files\Java\jdk1.8.0_281\jre\bin\zip.dll
0x00007fff79ff0000 - 0x00007fff7a211000 	C:\Windows\SYSTEM32\dbghelp.dll
0x00007fff95bd0000 - 0x00007fff95c4f000 	C:\Windows\System32\bcryptPrimitives.dll

VM Arguments:
jvm_args: -Dfile.encoding=UTF-8 
java_command: Main.Main
java_class_path (initial): D:\$Licence3\S5\java\exam\NetBeansProjects\GestionCHU\dist\GestionCHU.jar;C:\Program Files\Java\jdk1.8.0_281\jre\lib\javaws.jar;C:\Program Files\Java\jdk1.8.0_281\jre\lib\deploy.jar;C:\Program Files\Java\jdk1.8.0_281\jre\lib\plugin.jar;D:\$Licence3\S5\java\cours\fontawesomefx-8.2.jar;D:\$Licence3\S5\java\cours\jfoenix-8.0.10.jar;D:\$Licence3\S5\java\cours\mysql-connector-java-8.0.21.jar;C:\Program Files\NetBeans 8.2\ide\modules\ext\mysql-connector-java-5.1.23-bin.jar;D:\$Licence3\S5\java\cours\controlsfx-jfx-13;D:\$Licence3\S5\java\cours\fontawesomefx-glyphsbrowser-master;D:\$Licence3\S5\java\cours\SearchBar.fontawesomefx-glyphsbrowser-1.3.0.zip;D:\$Licence3\S5\java\exam\NetBeansProjects\GestionCHU\build\classes
Launcher Type: SUN_STANDARD

Environment Variables:
PATH=C:\Program Files (x86)\Common Files\Oracle\Java\javapath;C:\Program Files (x86)\VMware\VMware Workstation\bin\;C:\Windows\system32;C:\Windows;C:\Windows\System32\Wbem;C:\Windows\System32\WindowsPowerShell\v1.0\;C:\Windows\System32\OpenSSH\;C:\Program Files\Microsoft SQL Server\150\Tools\Binn\;C:\Program Files\Microsoft SQL Server\Client SDK\ODBC\170\Tools\Binn\;C:\Program Files\dotnet\;C:\Program Files (x86)\Microsoft SQL Server\150\DTS\Binn\;C:\Program Files\Azure Data Studio\bin;C:\Program Files\Git\cmd;C:\Program Files (x86)\Microsoft SQL Server\150\Tools\Binn\;C:\Program Files\Microsoft SQL Server\150\DTS\Binn\;C:\ProgramData\ComposerSetup\bin;C:\Program Files\Symfony;C:\Program Files\nodejs\;C:\Users\arsen\AppData\Local\Microsoft\WindowsApps;C:\Users\arsen\AppData\Local\Programs\Microsoft VS Code\bin;C:\Users\arsen\.dotnet\tools;C:\Program Files\Azure Data Studio\bin;C:\wamp64\bin\php\php8.1.0;C:\Users\arsen\AppData\Roaming\Composer\vendor\bin;C:\Program Files\Java\jre1.8.0_311\bin;C:\Program Files\AdoptOpenJDK\jdk-11.0.10.9-hotspot\bin;C:\Program Files\Java\jdk1.8.0_151\bin;C:\Program Files\Java\jre1.8.0_311\bin;C:\Program Files\Java\jre1.8.0_231\bin;C:\Program Files\Java\jdk1.8.0_231\bin;C:\Program Files\OpenSSL-Win64\bin;C:\Users\arsen\AppData\Roaming\npm
USERNAME=arsen
OS=Windows_NT
PROCESSOR_IDENTIFIER=Intel64 Family 6 Model 142 Stepping 10, GenuineIntel



---------------  S Y S T E M  ---------------

OS: Windows 10.0 , 64 bit Build 22000 (10.0.22000.434)

CPU:total 8 (initial active 8) (4 cores per cpu, 2 threads per core) family 6 model 142 stepping 10, cmov, cx8, fxsr, mmx, sse, sse2, sse3, ssse3, sse4.1, sse4.2, popcnt, avx, avx2, aes, clmul, erms, 3dnowpref, lzcnt, ht, tsc, tscinvbit, bmi1, bmi2, adx

Memory: 4k page, physical 12466404k(3521968k free), swap 12466404k(5800k free)

vm_info: Java HotSpot(TM) 64-Bit Server VM (25.281-b09) for windows-amd64 JRE (1.8.0_281-b09), built on Dec  9 2020 13:54:07 by "" with MS VC++ 15.9 (VS2017)

time: Wed Jan 19 08:10:45 2022
timezone: Greenwich
elapsed time: 0.067123 seconds (0d 0h 0m 0s)

