#
# There is insufficient memory for the Java Runtime Environment to continue.
# Native memory allocation (malloc) failed to allocate 2389200 bytes for Chunk::new
# Possible reasons:
#   The system is out of physical RAM or swap space
#   In 32 bit mode, the process size limit was hit
# Possible solutions:
#   Reduce memory load on the system
#   Increase physical memory or swap space
#   Check if swap backing store is full
#   Use 64 bit Java on a 64 bit OS
#   Decrease Java heap size (-Xmx/-Xms)
#   Decrease number of Java threads
#   Decrease Java thread stack sizes (-Xss)
#   Set larger code cache with -XX:ReservedCodeCacheSize=
# This output file may be truncated or incomplete.
#
#  Out of Memory Error (allocation.cpp:390), pid=6036, tid=0x0000000000004a2c
#
# JRE version: Java(TM) SE Runtime Environment (8.0_151-b12) (build 1.8.0_151-b12)
# Java VM: Java HotSpot(TM) 64-Bit Server VM (25.151-b12 mixed mode windows-amd64 compressed oops)
# Failed to write core dump. Minidumps are not enabled by default on client versions of Windows
#

---------------  T H R E A D  ---------------

Current thread (0x000000001a0da800):  JavaThread "C2 CompilerThread0" daemon [_thread_in_native, id=18988, stack(0x000000001a8e0000,0x000000001a9e0000)]

Stack: [0x000000001a8e0000,0x000000001a9e0000]
[error occurred during error reporting (printing stack bounds), id 0xc0000005]

Native frames: (J=compiled Java code, j=interpreted, Vv=VM code, C=native code)


Current CompileTask:
C2:  42197 4027   !   4       javafx.scene.CssStyleHelper::transitionToState (1075 bytes)


---------------  P R O C E S S  ---------------

Java Threads: ( => current thread )
  0x000000001b466000 JavaThread "mysql-cj-abandoned-connection-cleanup" daemon [_thread_blocked, id=12864, stack(0x0000000024990000,0x0000000024a90000)]
  0x000000001a2c0800 JavaThread "Abandoned connection cleanup thread" daemon [_thread_blocked, id=18452, stack(0x0000000024890000,0x0000000024990000)]
  0x000000001b32e000 JavaThread "Prism Font Disposer" daemon [_thread_blocked, id=10772, stack(0x0000000022370000,0x0000000022470000)]
  0x000000001b173000 JavaThread "Thread-3" daemon [_thread_in_native, id=15384, stack(0x0000000020a70000,0x0000000020b70000)]
  0x000000001b15d800 JavaThread "JavaFX-Launcher" [_thread_blocked, id=16460, stack(0x0000000020b70000,0x0000000020c70000)]
  0x000000001b0db800 JavaThread "JavaFX Application Thread" [_thread_in_native, id=18488, stack(0x000000001bea0000,0x000000001bfa0000)]
  0x000000001b0d5800 JavaThread "Thread-1" daemon [_thread_blocked, id=15272, stack(0x000000001bda0000,0x000000001bea0000)]
  0x000000001b090000 JavaThread "QuantumRenderer-0" daemon [_thread_blocked, id=16748, stack(0x000000001ba70000,0x000000001bb70000)]
  0x000000001a0fd800 JavaThread "Service Thread" daemon [_thread_blocked, id=19740, stack(0x000000001ace0000,0x000000001ade0000)]
  0x000000001a0e7800 JavaThread "C1 CompilerThread3" daemon [_thread_blocked, id=18980, stack(0x000000001abe0000,0x000000001ace0000)]
  0x000000001a0e3000 JavaThread "C2 CompilerThread2" daemon [_thread_blocked, id=16780, stack(0x000000001aae0000,0x000000001abe0000)]
  0x000000001a0de000 JavaThread "C2 CompilerThread1" daemon [_thread_blocked, id=10996, stack(0x000000001a9e0000,0x000000001aae0000)]
=>0x000000001a0da800 JavaThread "C2 CompilerThread0" daemon [_thread_in_native, id=18988, stack(0x000000001a8e0000,0x000000001a9e0000)]
  0x000000001a0d9000 JavaThread "Attach Listener" daemon [_thread_blocked, id=10736, stack(0x000000001a7e0000,0x000000001a8e0000)]
  0x000000001a0d8000 JavaThread "Signal Dispatcher" daemon [_thread_blocked, id=1136, stack(0x000000001a6e0000,0x000000001a7e0000)]
  0x000000001a0d0800 JavaThread "Finalizer" daemon [_thread_blocked, id=8780, stack(0x000000001a4b0000,0x000000001a5b0000)]
  0x0000000003248000 JavaThread "Reference Handler" daemon [_thread_blocked, id=15936, stack(0x0000000019fb0000,0x000000001a0b0000)]
  0x0000000003152800 JavaThread "main" [_thread_blocked, id=4576, stack(0x0000000003050000,0x0000000003150000)]

Other Threads:
  0x00000000181c9800 VMThread [stack: 0x0000000019eb0000,0x0000000019fb0000] [id=9928]
  0x000000001a1ad000 WatcherThread [stack: 0x000000001af50000,0x000000001b050000] [id=13308]

VM state:not at safepoint (normal execution)

VM Mutex/Monitor currently owned by a thread: None

Heap:
 PSYoungGen      total 38400K, used 21995K [0x00000000d5f00000, 0x00000000d8980000, 0x0000000100000000)
  eden space 33280K, 50% used [0x00000000d5f00000,0x00000000d6f7e4c8,0x00000000d7f80000)
  from space 5120K, 99% used [0x00000000d7f80000,0x00000000d847c8b0,0x00000000d8480000)
  to   space 5120K, 0% used [0x00000000d8480000,0x00000000d8480000,0x00000000d8980000)
 ParOldGen       total 56320K, used 12448K [0x0000000081c00000, 0x0000000085300000, 0x00000000d5f00000)
  object space 56320K, 22% used [0x0000000081c00000,0x0000000082828350,0x0000000085300000)
 Metaspace       used 25528K, capacity 27098K, committed 27136K, reserved 1073152K
  class space    used 3532K, capacity 3827K, committed 3840K, reserved 1048576K

Card table byte_map: [0x0000000012610000,0x0000000012a10000] byte_map_base: 0x0000000012202000

Marking Bits: (ParMarkBitMap*) 0x000000006dc7d850
 Begin Bits: [0x00000000134c0000, 0x0000000015450000)
 End Bits:   [0x0000000015450000, 0x00000000173e0000)

Polling page: 0x0000000001780000

CodeCache: size=245760Kb used=12740Kb max_used=12810Kb free=233019Kb
 bounds [0x0000000003250000, 0x0000000003ee0000, 0x0000000012250000]
 total_blobs=4650 nmethods=3904 adapters=657
 compilation: enabled

Compilation events (10 events):
Event: 41.807 Thread 0x000000001a0de000 nmethod 4035 0x00000000034f3dd0 code [0x00000000034f3f40, 0x00000000034f40f8]
Event: 41.808 Thread 0x000000001a0e7800 nmethod 4031 0x0000000003465350 code [0x0000000003465540, 0x0000000003465f98]
Event: 41.808 Thread 0x000000001a0e7800 4029   !   3       com.sun.javafx.css.converters.EnumConverter::convert (75 bytes)
Event: 41.808 Thread 0x000000001a0e7800 nmethod 4029 0x00000000033c73d0 code [0x00000000033c75a0, 0x00000000033c7dd8]
Event: 41.808 Thread 0x000000001a0e7800 4032       3       javafx.scene.layout.Region::maxHeight (52 bytes)
Event: 41.809 Thread 0x000000001a0e7800 nmethod 4032 0x0000000003380dd0 code [0x0000000003380fc0, 0x0000000003381848]
Event: 41.809 Thread 0x000000001a0e7800 4033       3       javafx.scene.layout.Region::getMaxHeight (22 bytes)
Event: 41.809 Thread 0x000000001a0e7800 nmethod 4033 0x0000000003ed3050 code [0x0000000003ed31c0, 0x0000000003ed3588]
Event: 41.975 Thread 0x000000001a0e7800 4036       1       com.sun.prism.d3d.D3DContext::getResourceFactory (5 bytes)
Event: 41.976 Thread 0x000000001a0e7800 nmethod 4036 0x0000000003ed2d90 code [0x0000000003ed2ee0, 0x0000000003ed2ff0]

GC Heap History (8 events):
Event: 0.896 GC heap before
{Heap before GC invocations=1 (full 0):
 PSYoungGen      total 38400K, used 33280K [0x00000000d5f00000, 0x00000000d8980000, 0x0000000100000000)
  eden space 33280K, 100% used [0x00000000d5f00000,0x00000000d7f80000,0x00000000d7f80000)
  from space 5120K, 0% used [0x00000000d8480000,0x00000000d8480000,0x00000000d8980000)
  to   space 5120K, 0% used [0x00000000d7f80000,0x00000000d7f80000,0x00000000d8480000)
 ParOldGen       total 87552K, used 0K [0x0000000081c00000, 0x0000000087180000, 0x00000000d5f00000)
  object space 87552K, 0% used [0x0000000081c00000,0x0000000081c00000,0x0000000087180000)
 Metaspace       used 15904K, capacity 16554K, committed 16896K, reserved 1062912K
  class space    used 2294K, capacity 2473K, committed 2560K, reserved 1048576K
Event: 0.900 GC heap after
Heap after GC invocations=1 (full 0):
 PSYoungGen      total 38400K, used 5109K [0x00000000d5f00000, 0x00000000d8980000, 0x0000000100000000)
  eden space 33280K, 0% used [0x00000000d5f00000,0x00000000d5f00000,0x00000000d7f80000)
  from space 5120K, 99% used [0x00000000d7f80000,0x00000000d847d550,0x00000000d8480000)
  to   space 5120K, 0% used [0x00000000d8480000,0x00000000d8480000,0x00000000d8980000)
 ParOldGen       total 87552K, used 284K [0x0000000081c00000, 0x0000000087180000, 0x00000000d5f00000)
  object space 87552K, 0% used [0x0000000081c00000,0x0000000081c47088,0x0000000087180000)
 Metaspace       used 15904K, capacity 16554K, committed 16896K, reserved 1062912K
  class space    used 2294K, capacity 2473K, committed 2560K, reserved 1048576K
}
Event: 11.901 GC heap before
{Heap before GC invocations=2 (full 0):
 PSYoungGen      total 38400K, used 24951K [0x00000000d5f00000, 0x00000000d8980000, 0x0000000100000000)
  eden space 33280K, 59% used [0x00000000d5f00000,0x00000000d7260a10,0x00000000d7f80000)
  from space 5120K, 99% used [0x00000000d7f80000,0x00000000d847d550,0x00000000d8480000)
  to   space 5120K, 0% used [0x00000000d8480000,0x00000000d8480000,0x00000000d8980000)
 ParOldGen       total 87552K, used 284K [0x0000000081c00000, 0x0000000087180000, 0x00000000d5f00000)
  object space 87552K, 0% used [0x0000000081c00000,0x0000000081c47088,0x0000000087180000)
 Metaspace       used 20354K, capacity 21062K, committed 21248K, reserved 1067008K
  class space    used 2767K, capacity 2957K, committed 3072K, reserved 1048576K
Event: 11.914 GC heap after
Heap after GC invocations=2 (full 0):
 PSYoungGen      total 38400K, used 5109K [0x00000000d5f00000, 0x00000000d8980000, 0x0000000100000000)
  eden space 33280K, 0% used [0x00000000d5f00000,0x00000000d5f00000,0x00000000d7f80000)
  from space 5120K, 99% used [0x00000000d8480000,0x00000000d897d580,0x00000000d8980000)
  to   space 5120K, 0% used [0x00000000d7f80000,0x00000000d7f80000,0x00000000d8480000)
 ParOldGen       total 87552K, used 9024K [0x0000000081c00000, 0x0000000087180000, 0x00000000d5f00000)
  object space 87552K, 10% used [0x0000000081c00000,0x00000000824d0328,0x0000000087180000)
 Metaspace       used 20354K, capacity 21062K, committed 21248K, reserved 1067008K
  class space    used 2767K, capacity 2957K, committed 3072K, reserved 1048576K
}
Event: 11.914 GC heap before
{Heap before GC invocations=3 (full 1):
 PSYoungGen      total 38400K, used 5109K [0x00000000d5f00000, 0x00000000d8980000, 0x0000000100000000)
  eden space 33280K, 0% used [0x00000000d5f00000,0x00000000d5f00000,0x00000000d7f80000)
  from space 5120K, 99% used [0x00000000d8480000,0x00000000d897d580,0x00000000d8980000)
  to   space 5120K, 0% used [0x00000000d7f80000,0x00000000d7f80000,0x00000000d8480000)
 ParOldGen       total 87552K, used 9024K [0x0000000081c00000, 0x0000000087180000, 0x00000000d5f00000)
  object space 87552K, 10% used [0x0000000081c00000,0x00000000824d0328,0x0000000087180000)
 Metaspace       used 20354K, capacity 21062K, committed 21248K, reserved 1067008K
  class space    used 2767K, capacity 2957K, committed 3072K, reserved 1048576K
Event: 11.952 GC heap after
Heap after GC invocations=3 (full 1):
 PSYoungGen      total 38400K, used 0K [0x00000000d5f00000, 0x00000000d8980000, 0x0000000100000000)
  eden space 33280K, 0% used [0x00000000d5f00000,0x00000000d5f00000,0x00000000d7f80000)
  from space 5120K, 0% used [0x00000000d8480000,0x00000000d8480000,0x00000000d8980000)
  to   space 5120K, 0% used [0x00000000d7f80000,0x00000000d7f80000,0x00000000d8480000)
 ParOldGen       total 56320K, used 11717K [0x0000000081c00000, 0x0000000085300000, 0x00000000d5f00000)
  object space 56320K, 20% used [0x0000000081c00000,0x0000000082771738,0x0000000085300000)
 Metaspace       used 20354K, capacity 21062K, committed 21248K, reserved 1067008K
  class space    used 2767K, capacity 2957K, committed 3072K, reserved 1048576K
}
Event: 22.812 GC heap before
{Heap before GC invocations=4 (full 1):
 PSYoungGen      total 38400K, used 33280K [0x00000000d5f00000, 0x00000000d8980000, 0x0000000100000000)
  eden space 33280K, 100% used [0x00000000d5f00000,0x00000000d7f80000,0x00000000d7f80000)
  from space 5120K, 0% used [0x00000000d8480000,0x00000000d8480000,0x00000000d8980000)
  to   space 5120K, 0% used [0x00000000d7f80000,0x00000000d7f80000,0x00000000d8480000)
 ParOldGen       total 56320K, used 11717K [0x0000000081c00000, 0x0000000085300000, 0x00000000d5f00000)
  object space 56320K, 20% used [0x0000000081c00000,0x0000000082771738,0x0000000085300000)
 Metaspace       used 24936K, capacity 26496K, committed 26624K, reserved 1073152K
  class space    used 3512K, capacity 3812K, committed 3840K, reserved 1048576K
Event: 22.820 GC heap after
Heap after GC invocations=4 (full 1):
 PSYoungGen      total 38400K, used 5106K [0x00000000d5f00000, 0x00000000d8980000, 0x0000000100000000)
  eden space 33280K, 0% used [0x00000000d5f00000,0x00000000d5f00000,0x00000000d7f80000)
  from space 5120K, 99% used [0x00000000d7f80000,0x00000000d847c8b0,0x00000000d8480000)
  to   space 5120K, 0% used [0x00000000d8480000,0x00000000d8480000,0x00000000d8980000)
 ParOldGen       total 56320K, used 12448K [0x0000000081c00000, 0x0000000085300000, 0x00000000d5f00000)
  object space 56320K, 22% used [0x0000000081c00000,0x0000000082828350,0x0000000085300000)
 Metaspace       used 24936K, capacity 26496K, committed 26624K, reserved 1073152K
  class space    used 3512K, capacity 3812K, committed 3840K, reserved 1048576K
}

Deoptimization events (10 events):
Event: 32.488 Thread 0x000000001b0db800 Uncommon trap: reason=bimorphic action=maybe_recompile pc=0x0000000003c240e4 method=javafx.scene.Node.getGeomBounds(Lcom/sun/javafx/geom/BaseBounds;Lcom/sun/javafx/geom/transform/BaseTransform;)Lcom/sun/javafx/geom/BaseBounds; @ 21
Event: 33.837 Thread 0x000000001b0db800 Uncommon trap: reason=unstable_if action=reinterpret pc=0x0000000003d1f590 method=javafx.scene.Node.impl_pickNode(Lcom/sun/javafx/geom/PickRay;Lcom/sun/javafx/scene/input/PickResultChooser;)V @ 18
Event: 33.837 Thread 0x000000001b0db800 Uncommon trap: reason=bimorphic action=maybe_recompile pc=0x0000000003a7d074 method=javafx.scene.Node.impl_pickNode(Lcom/sun/javafx/geom/PickRay;Lcom/sun/javafx/scene/input/PickResultChooser;)V @ 82
Event: 33.847 Thread 0x000000001b0db800 Uncommon trap: reason=unstable_if action=reinterpret pc=0x0000000003a7cfd0 method=javafx.scene.Node.impl_pickNode(Lcom/sun/javafx/geom/PickRay;Lcom/sun/javafx/scene/input/PickResultChooser;)V @ 18
Event: 33.853 Thread 0x000000001b0db800 Uncommon trap: reason=unstable_if action=reinterpret pc=0x0000000003c6ea38 method=javafx.scene.Node.updateBounds()V @ 47
Event: 40.348 Thread 0x000000001b0db800 Uncommon trap: reason=unstable_if action=reinterpret pc=0x0000000003b150b4 method=javafx.scene.Parent.impl_getAllParentStylesheets()Ljava/util/List; @ 32
Event: 40.348 Thread 0x000000001b0db800 Uncommon trap: reason=unstable_if action=reinterpret pc=0x0000000003e1e314 method=com.sun.javafx.css.StyleManager.gatherParentStylesheets(Ljavafx/scene/Parent;)Ljava/util/List; @ 14
Event: 40.359 Thread 0x000000001b0db800 Uncommon trap: reason=unstable_if action=reinterpret pc=0x0000000003bf0d24 method=javafx.scene.CssStyleHelper.canReuseStyleHelper(Ljavafx/scene/Node;Lcom/sun/javafx/css/StyleMap;)Z @ 57
Event: 40.359 Thread 0x000000001b0db800 Uncommon trap: reason=null_check action=make_not_entrant pc=0x0000000003dff00c method=javafx.scene.CssStyleHelper.getCachedFont(Ljavafx/css/Styleable;)Lcom/sun/javafx/css/CalculatedValue; @ 1
Event: 40.359 Thread 0x000000001b0db800 Uncommon trap: reason=null_check action=make_not_entrant pc=0x0000000003d4046c method=javafx.scene.CssStyleHelper.getCachedFont(Ljavafx/css/Styleable;)Lcom/sun/javafx/css/CalculatedValue; @ 1

Internal exceptions (10 events):
Event: 12.003 Thread 0x000000001b0db800 Exception <a 'java/lang/ArrayIndexOutOfBoundsException'> (0x00000000d6282200) thrown at [C:\re\workspace\8-2-build-windows-amd64-cygwin\jdk8u151\9699\hotspot\src\share\vm\runtime\sharedRuntime.cpp, line 605]
Event: 17.805 Thread 0x000000001b0db800 Exception <a 'java/lang/ArrayIndexOutOfBoundsException'> (0x00000000d716c888) thrown at [C:\re\workspace\8-2-build-windows-amd64-cygwin\jdk8u151\9699\hotspot\src\share\vm\runtime\sharedRuntime.cpp, line 605]
Event: 17.807 Thread 0x000000001b0db800 Exception <a 'java/lang/ArrayIndexOutOfBoundsException'> (0x00000000d717cc00) thrown at [C:\re\workspace\8-2-build-windows-amd64-cygwin\jdk8u151\9699\hotspot\src\share\vm\runtime\sharedRuntime.cpp, line 605]
Event: 18.001 Thread 0x000000001b0db800 Exception <a 'java/io/FileNotFoundException'> (0x00000000d73c8120) thrown at [C:\re\workspace\8-2-build-windows-amd64-cygwin\jdk8u151\9699\hotspot\src\share\vm\prims\jni.cpp, line 709]
Event: 18.001 Thread 0x000000001b0db800 Exception <a 'java/io/FileNotFoundException'> (0x00000000d73c9b10) thrown at [C:\re\workspace\8-2-build-windows-amd64-cygwin\jdk8u151\9699\hotspot\src\share\vm\prims\jni.cpp, line 709]
Event: 18.002 Thread 0x000000001b0db800 Exception <a 'java/io/FileNotFoundException'> (0x00000000d73cff68) thrown at [C:\re\workspace\8-2-build-windows-amd64-cygwin\jdk8u151\9699\hotspot\src\share\vm\prims\jni.cpp, line 709]
Event: 18.002 Thread 0x000000001b0db800 Exception <a 'java/io/FileNotFoundException'> (0x00000000d73d1938) thrown at [C:\re\workspace\8-2-build-windows-amd64-cygwin\jdk8u151\9699\hotspot\src\share\vm\prims\jni.cpp, line 709]
Event: 18.540 Thread 0x000000001b0db800 Implicit null exception at 0x0000000003a76aa1 to 0x0000000003a77511
Event: 40.359 Thread 0x000000001b0db800 Implicit null exception at 0x0000000003df795c to 0x0000000003dfef95
Event: 40.359 Thread 0x000000001b0db800 Implicit null exception at 0x0000000003d39838 to 0x0000000003d4043d

Events (10 events):
Event: 41.795 loading class sun/util/locale/provider/RuleBasedBreakIterator$1
Event: 41.797 loading class sun/util/locale/provider/RuleBasedBreakIterator$1 done
Event: 41.799 loading class sun/text/CompactByteArray
Event: 41.800 loading class sun/text/CompactByteArray done
Event: 41.800 loading class sun/text/SupplementaryCharacterData
Event: 41.800 loading class sun/text/SupplementaryCharacterData done
Event: 41.801 loading class java/text/BreakIterator$BreakIteratorCache
Event: 41.801 loading class java/text/BreakIterator$BreakIteratorCache done
Event: 41.801 loading class java/text/StringCharacterIterator
Event: 41.801 loading class java/text/StringCharacterIterator done


Dynamic libraries:
0x00007ff754500000 - 0x00007ff754537000 	C:\Program Files\Java\jdk1.8.0_151\jre\bin\java.exe
0x00007ffcc3f10000 - 0x00007ffcc4106000 	C:\WINDOWS\SYSTEM32\ntdll.dll
0x00007ffcc3d30000 - 0x00007ffcc3ded000 	C:\WINDOWS\System32\KERNEL32.DLL
0x00007ffcc1c50000 - 0x00007ffcc1f19000 	C:\WINDOWS\System32\KERNELBASE.dll
0x00007ffcc1f70000 - 0x00007ffcc201c000 	C:\WINDOWS\System32\ADVAPI32.dll
0x00007ffcc2b50000 - 0x00007ffcc2bee000 	C:\WINDOWS\System32\msvcrt.dll
0x00007ffcc2230000 - 0x00007ffcc22cc000 	C:\WINDOWS\System32\sechost.dll
0x00007ffcc3580000 - 0x00007ffcc36ab000 	C:\WINDOWS\System32\RPCRT4.dll
0x00007ffcc3230000 - 0x00007ffcc33d0000 	C:\WINDOWS\System32\USER32.dll
0x00007ffcc1750000 - 0x00007ffcc1772000 	C:\WINDOWS\System32\win32u.dll
0x00007ffcc3750000 - 0x00007ffcc377a000 	C:\WINDOWS\System32\GDI32.dll
0x00007ffcc1a90000 - 0x00007ffcc1b9b000 	C:\WINDOWS\System32\gdi32full.dll
0x00007ffcc16b0000 - 0x00007ffcc174d000 	C:\WINDOWS\System32\msvcp_win.dll
0x00007ffcc18e0000 - 0x00007ffcc19e0000 	C:\WINDOWS\System32\ucrtbase.dll
0x00007ffca5e40000 - 0x00007ffca60db000 	C:\WINDOWS\WinSxS\amd64_microsoft.windows.common-controls_6595b64144ccf1df_6.0.19041.746_none_ca02b4b61b8320a4\COMCTL32.dll
0x00007ffcc2bf0000 - 0x00007ffcc2c20000 	C:\WINDOWS\System32\IMM32.DLL
0x000000006d380000 - 0x000000006d452000 	C:\Program Files\Java\jdk1.8.0_151\jre\bin\msvcr100.dll
0x000000006d460000 - 0x000000006dcfd000 	C:\Program Files\Java\jdk1.8.0_151\jre\bin\server\jvm.dll
0x00007ffcc36c0000 - 0x00007ffcc36c8000 	C:\WINDOWS\System32\PSAPI.DLL
0x00007ffcb5c80000 - 0x00007ffcb5c89000 	C:\WINDOWS\SYSTEM32\WSOCK32.dll
0x00007ffcb7b90000 - 0x00007ffcb7bb7000 	C:\WINDOWS\SYSTEM32\WINMM.dll
0x00007ffcbbf00000 - 0x00007ffcbbf0a000 	C:\WINDOWS\SYSTEM32\VERSION.dll
0x00007ffcc2390000 - 0x00007ffcc23fb000 	C:\WINDOWS\System32\WS2_32.dll
0x000000006f0a0000 - 0x000000006f0af000 	C:\Program Files\Java\jdk1.8.0_151\jre\bin\verify.dll
0x000000006d310000 - 0x000000006d339000 	C:\Program Files\Java\jdk1.8.0_151\jre\bin\java.dll
0x000000006d2f0000 - 0x000000006d306000 	C:\Program Files\Java\jdk1.8.0_151\jre\bin\zip.dll
0x00007ffcc2400000 - 0x00007ffcc2b42000 	C:\WINDOWS\System32\SHELL32.dll
0x00007ffcbf490000 - 0x00007ffcbfc20000 	C:\WINDOWS\SYSTEM32\windows.storage.dll
0x00007ffcc3780000 - 0x00007ffcc3ad6000 	C:\WINDOWS\System32\combase.dll
0x00007ffcc10b0000 - 0x00007ffcc10dc000 	C:\WINDOWS\SYSTEM32\Wldp.dll
0x00007ffcc3c60000 - 0x00007ffcc3d0e000 	C:\WINDOWS\System32\SHCORE.dll
0x00007ffcc31d0000 - 0x00007ffcc3225000 	C:\WINDOWS\System32\shlwapi.dll
0x00007ffcc1580000 - 0x00007ffcc15a6000 	C:\WINDOWS\SYSTEM32\profapi.dll
0x0000000002fe0000 - 0x0000000002fe3000 	C:\Program Files\Java\jdk1.8.0_151\jre\bin\api-ms-win-core-console-l1-1-0.dll
0x0000000002ff0000 - 0x0000000002ff3000 	C:\Program Files\Java\jdk1.8.0_151\jre\bin\api-ms-win-core-datetime-l1-1-0.dll
0x0000000003000000 - 0x0000000003003000 	C:\Program Files\Java\jdk1.8.0_151\jre\bin\api-ms-win-core-debug-l1-1-0.dll
0x0000000003010000 - 0x0000000003013000 	C:\Program Files\Java\jdk1.8.0_151\jre\bin\api-ms-win-core-errorhandling-l1-1-0.dll
0x0000000003020000 - 0x0000000003024000 	C:\Program Files\Java\jdk1.8.0_151\jre\bin\api-ms-win-core-file-l1-1-0.dll
0x0000000003030000 - 0x0000000003033000 	C:\Program Files\Java\jdk1.8.0_151\jre\bin\api-ms-win-core-file-l1-2-0.dll
0x000000001b850000 - 0x000000001b853000 	C:\Program Files\Java\jdk1.8.0_151\jre\bin\api-ms-win-core-file-l2-1-0.dll
0x000000001b860000 - 0x000000001b863000 	C:\Program Files\Java\jdk1.8.0_151\jre\bin\api-ms-win-core-handle-l1-1-0.dll
0x000000001b870000 - 0x000000001b873000 	C:\Program Files\Java\jdk1.8.0_151\jre\bin\api-ms-win-core-heap-l1-1-0.dll
0x000000001b880000 - 0x000000001b883000 	C:\Program Files\Java\jdk1.8.0_151\jre\bin\api-ms-win-core-interlocked-l1-1-0.dll
0x000000001b890000 - 0x000000001b893000 	C:\Program Files\Java\jdk1.8.0_151\jre\bin\api-ms-win-core-libraryloader-l1-1-0.dll
0x000000001b8a0000 - 0x000000001b8a3000 	C:\Program Files\Java\jdk1.8.0_151\jre\bin\api-ms-win-core-localization-l1-2-0.dll
0x000000001b8b0000 - 0x000000001b8b3000 	C:\Program Files\Java\jdk1.8.0_151\jre\bin\api-ms-win-core-memory-l1-1-0.dll
0x000000001b8c0000 - 0x000000001b8c3000 	C:\Program Files\Java\jdk1.8.0_151\jre\bin\api-ms-win-core-namedpipe-l1-1-0.dll
0x000000001b8d0000 - 0x000000001b8d3000 	C:\Program Files\Java\jdk1.8.0_151\jre\bin\api-ms-win-core-processenvironment-l1-1-0.dll
0x000000001b8e0000 - 0x000000001b8e3000 	C:\Program Files\Java\jdk1.8.0_151\jre\bin\api-ms-win-core-processthreads-l1-1-0.dll
0x000000001b8f0000 - 0x000000001b8f3000 	C:\Program Files\Java\jdk1.8.0_151\jre\bin\api-ms-win-core-processthreads-l1-1-1.dll
0x000000001b900000 - 0x000000001b903000 	C:\Program Files\Java\jdk1.8.0_151\jre\bin\api-ms-win-core-profile-l1-1-0.dll
0x000000001b910000 - 0x000000001b913000 	C:\Program Files\Java\jdk1.8.0_151\jre\bin\api-ms-win-core-rtlsupport-l1-1-0.dll
0x000000001b920000 - 0x000000001b923000 	C:\Program Files\Java\jdk1.8.0_151\jre\bin\api-ms-win-core-string-l1-1-0.dll
0x000000001b930000 - 0x000000001b933000 	C:\Program Files\Java\jdk1.8.0_151\jre\bin\api-ms-win-core-synch-l1-1-0.dll
0x000000001b940000 - 0x000000001b943000 	C:\Program Files\Java\jdk1.8.0_151\jre\bin\api-ms-win-core-synch-l1-2-0.dll
0x000000001b950000 - 0x000000001b953000 	C:\Program Files\Java\jdk1.8.0_151\jre\bin\api-ms-win-core-sysinfo-l1-1-0.dll
0x000000001b960000 - 0x000000001b963000 	C:\Program Files\Java\jdk1.8.0_151\jre\bin\api-ms-win-core-timezone-l1-1-0.dll
0x000000001b970000 - 0x000000001b973000 	C:\Program Files\Java\jdk1.8.0_151\jre\bin\api-ms-win-core-util-l1-1-0.dll
0x000000001b980000 - 0x000000001b983000 	C:\Program Files\Java\jdk1.8.0_151\jre\bin\api-ms-win-crt-conio-l1-1-0.dll
0x000000001b990000 - 0x000000001b994000 	C:\Program Files\Java\jdk1.8.0_151\jre\bin\api-ms-win-crt-convert-l1-1-0.dll
0x000000001b9a0000 - 0x000000001b9a3000 	C:\Program Files\Java\jdk1.8.0_151\jre\bin\api-ms-win-crt-environment-l1-1-0.dll
0x000000001b9b0000 - 0x000000001b9b3000 	C:\Program Files\Java\jdk1.8.0_151\jre\bin\api-ms-win-crt-filesystem-l1-1-0.dll
0x000000001b9c0000 - 0x000000001b9c3000 	C:\Program Files\Java\jdk1.8.0_151\jre\bin\api-ms-win-crt-heap-l1-1-0.dll
0x000000001b9d0000 - 0x000000001b9d3000 	C:\Program Files\Java\jdk1.8.0_151\jre\bin\api-ms-win-crt-locale-l1-1-0.dll
0x000000001b9e0000 - 0x000000001b9e5000 	C:\Program Files\Java\jdk1.8.0_151\jre\bin\api-ms-win-crt-math-l1-1-0.dll
0x000000001b9f0000 - 0x000000001b9f5000 	C:\Program Files\Java\jdk1.8.0_151\jre\bin\api-ms-win-crt-multibyte-l1-1-0.dll
0x000000001ba00000 - 0x000000001ba10000 	C:\Program Files\Java\jdk1.8.0_151\jre\bin\api-ms-win-crt-private-l1-1-0.dll
0x000000001ba10000 - 0x000000001ba13000 	C:\Program Files\Java\jdk1.8.0_151\jre\bin\api-ms-win-crt-process-l1-1-0.dll
0x000000001ba20000 - 0x000000001ba24000 	C:\Program Files\Java\jdk1.8.0_151\jre\bin\api-ms-win-crt-runtime-l1-1-0.dll
0x000000001ba30000 - 0x000000001ba34000 	C:\Program Files\Java\jdk1.8.0_151\jre\bin\api-ms-win-crt-stdio-l1-1-0.dll
0x000000001ba40000 - 0x000000001ba44000 	C:\Program Files\Java\jdk1.8.0_151\jre\bin\api-ms-win-crt-string-l1-1-0.dll
0x000000001ba50000 - 0x000000001ba53000 	C:\Program Files\Java\jdk1.8.0_151\jre\bin\api-ms-win-crt-time-l1-1-0.dll
0x000000001ba60000 - 0x000000001ba63000 	C:\Program Files\Java\jdk1.8.0_151\jre\bin\api-ms-win-crt-utility-l1-1-0.dll
0x00007ffc88c50000 - 0x00007ffc88d46000 	C:\Program Files\Java\jdk1.8.0_151\jre\bin\ucrtbase.dll
0x00007ffc9def0000 - 0x00007ffc9df41000 	C:\Program Files\Java\jdk1.8.0_151\jre\bin\concrt140.dll
0x00007ffcacc00000 - 0x00007ffcacc16000 	C:\Program Files\Java\jdk1.8.0_151\jre\bin\VCRUNTIME140.dll
0x00007ffc9d100000 - 0x00007ffc9d19c000 	C:\Program Files\Java\jdk1.8.0_151\jre\bin\MSVCP140.dll
0x000000006cf50000 - 0x000000006cf73000 	C:\Program Files\Java\jdk1.8.0_151\jre\bin\prism_d3d.dll
0x00007ffcb4940000 - 0x00007ffcb4b0f000 	C:\WINDOWS\system32\d3d9.dll
0x00007ffcc01d0000 - 0x00007ffcc01e2000 	C:\WINDOWS\SYSTEM32\kernel.appcore.dll
0x00007ffcbe880000 - 0x00007ffcbe8af000 	C:\WINDOWS\SYSTEM32\dwmapi.dll
0x00007ffcbe590000 - 0x00007ffcbe62e000 	C:\WINDOWS\system32\uxtheme.dll
0x00007ffc78f40000 - 0x00007ffc79127000 	C:\WINDOWS\System32\DriverStore\FileRepository\ki128824.inf_amd64_e40269bb8a74197d\igdumdim64.dll
0x00007ffc622f0000 - 0x00007ffc658a8000 	C:\WINDOWS\System32\DriverStore\FileRepository\ki128824.inf_amd64_e40269bb8a74197d\igd9dxva64.dll
0x00007ffcc30a0000 - 0x00007ffcc31ca000 	C:\WINDOWS\System32\ole32.dll
0x00007ffcc20b0000 - 0x00007ffcc217d000 	C:\WINDOWS\System32\OLEAUT32.dll
0x000000006cf00000 - 0x000000006cf49000 	C:\Program Files\Java\jdk1.8.0_151\jre\bin\glass.dll
0x00007ffcc3df0000 - 0x00007ffcc3eca000 	C:\WINDOWS\System32\COMDLG32.dll
0x00007ffcc3ae0000 - 0x00007ffcc3bf5000 	C:\WINDOWS\System32\MSCTF.dll
0x00007ffcc1a10000 - 0x00007ffcc1a90000 	C:\WINDOWS\System32\bcryptPrimitives.dll
0x00007ffcae760000 - 0x00007ffcb05d9000 	C:\WINDOWS\System32\DriverStore\FileRepository\ki128824.inf_amd64_e40269bb8a74197d\igc64.dll
0x00007ffcb7400000 - 0x00007ffcb743b000 	C:\WINDOWS\SYSTEM32\dxcore.dll
0x00007ffcc1f20000 - 0x00007ffcc1f6e000 	C:\WINDOWS\System32\cfgmgr32.dll
0x000000006cee0000 - 0x000000006cef4000 	C:\Program Files\Java\jdk1.8.0_151\jre\bin\javafx_font.dll
0x00007ffc8ecc0000 - 0x00007ffc8ef3f000 	C:\WINDOWS\SYSTEM32\dwrite.dll
0x00007ffcc1000000 - 0x00007ffcc1018000 	C:\WINDOWS\SYSTEM32\CRYPTSP.dll
0x00007ffcc0700000 - 0x00007ffcc0734000 	C:\WINDOWS\system32\rsaenh.dll
0x00007ffcc19e0000 - 0x00007ffcc1a07000 	C:\WINDOWS\System32\bcrypt.dll
0x00007ffcc1500000 - 0x00007ffcc152e000 	C:\WINDOWS\SYSTEM32\USERENV.dll
0x00007ffcc1020000 - 0x00007ffcc102c000 	C:\WINDOWS\SYSTEM32\CRYPTBASE.dll
0x000000006d2d0000 - 0x000000006d2ea000 	C:\Program Files\Java\jdk1.8.0_151\jre\bin\net.dll
0x00007ffcc0de0000 - 0x00007ffcc0e4a000 	C:\WINDOWS\system32\mswsock.dll
0x00007ffcc0a50000 - 0x00007ffcc0a8b000 	C:\WINDOWS\SYSTEM32\IPHLPAPI.DLL
0x00007ffcc36b0000 - 0x00007ffcc36b8000 	C:\WINDOWS\System32\NSI.dll
0x00007ffcbf240000 - 0x00007ffcbf257000 	C:\WINDOWS\SYSTEM32\dhcpcsvc6.DLL
0x00007ffcbf1b0000 - 0x00007ffcbf1cd000 	C:\WINDOWS\SYSTEM32\dhcpcsvc.DLL
0x00007ffcc0a90000 - 0x00007ffcc0b5b000 	C:\WINDOWS\SYSTEM32\DNSAPI.dll
0x000000006d2b0000 - 0x000000006d2c1000 	C:\Program Files\Java\jdk1.8.0_151\jre\bin\nio.dll
0x000000006ceb0000 - 0x000000006ced3000 	C:\Program Files\Java\jdk1.8.0_151\jre\bin\javafx_iio.dll
0x00007ffcc2180000 - 0x00007ffcc2229000 	C:\WINDOWS\System32\clbcatq.dll
0x00007ffcb4340000 - 0x00007ffcb44f4000 	C:\WINDOWS\SYSTEM32\WindowsCodecs.dll
0x00007ffca8500000 - 0x00007ffca853e000 	C:\WINDOWS\system32\dataexchange.dll
0x00007ffcbd150000 - 0x00007ffcbd3b4000 	C:\WINDOWS\system32\d3d11.dll
0x00007ffcbcee0000 - 0x00007ffcbd0c7000 	C:\WINDOWS\system32\dcomp.dll
0x00007ffcbff70000 - 0x00007ffcc0063000 	C:\WINDOWS\system32\dxgi.dll
0x00007ffcb63f0000 - 0x00007ffcb65f1000 	C:\WINDOWS\system32\twinapi.appcore.dll
0x00007ffc8ec20000 - 0x00007ffc8ec54000 	C:\Program Files\Common Files\Microsoft Shared\Ink\rtscom.dll
0x00007ffcb4f90000 - 0x00007ffcb508b000 	C:\WINDOWS\SYSTEM32\textinputframework.dll
0x00007ffcbdd80000 - 0x00007ffcbe0de000 	C:\WINDOWS\System32\CoreUIComponents.dll
0x00007ffcbdae0000 - 0x00007ffcbdbd2000 	C:\WINDOWS\System32\CoreMessaging.dll
0x00007ffcc0390000 - 0x00007ffcc03c3000 	C:\WINDOWS\SYSTEM32\ntmarta.dll
0x00007ffcbd590000 - 0x00007ffcbd6e4000 	C:\WINDOWS\SYSTEM32\wintypes.dll
0x000000006ce90000 - 0x000000006cea2000 	C:\Program Files\Java\jdk1.8.0_151\jre\bin\prism_common.dll
0x00007ffcbc900000 - 0x00007ffcbcec0000 	C:\WINDOWS\SYSTEM32\d2d1.dll
0x00007ffcb25f0000 - 0x00007ffcb2ce6000 	C:\WINDOWS\SYSTEM32\D3D10Warp.dll
0x00007ffcb81f0000 - 0x00007ffcb81fa000 	C:\Windows\System32\rasadhlp.dll
0x00007ffcb9140000 - 0x00007ffcb91bf000 	C:\WINDOWS\System32\fwpuclnt.dll

VM Arguments:
jvm_args: -Dfile.encoding=UTF-8 
java_command: Main.Main
java_class_path (initial): C:\Users\HP\Documents\NetBeansProjects\GestionCHU\dist\GestionCHU.jar;C:\Program Files\Java\jdk1.8.0_151\jre\lib\javaws.jar;C:\Program Files\Java\jdk1.8.0_151\jre\lib\deploy.jar;C:\Program Files\Java\jdk1.8.0_151\jre\lib\plugin.jar;C:\Users\HP\Documents\$Licence3\S5\java\cours\fontawesomefx-8.2.jar;C:\Users\HP\Documents\$Licence3\S5\java\cours\jfoenix-8.0.10.jar;C:\Users\HP\Documents\$Licence3\S5\java\cours\mysql-connector-java-8.0.21.jar;C:\Program Files\NetBeans 8.2\ide\modules\ext\mysql-connector-java-5.1.23-bin.jar;C:\Users\HP\Documents\$Licence3\S5\java\cours\controlsfx-jfx-13;C:\Users\HP\Documents\NetBeansProjects\GestionCHU\build\classes
Launcher Type: SUN_STANDARD

Environment Variables:
USERNAME=HP
OS=Windows_NT
PROCESSOR_IDENTIFIER=Intel64 Family 6 Model 142 Stepping 10, GenuineIntel



---------------  S Y S T E M  ---------------

OS: Windows 10.0 , 64 bit Build 19041 (10.0.19041.804)

CPU:total 8 (initial active 8) (4 cores per cpu, 2 threads per core) family 6 model 142 stepping 10, cmov, cx8, fxsr, mmx, sse, sse2, sse3, ssse3, sse4.1, sse4.2, popcnt, avx, avx2, aes, clmul, erms, 3dnowpref, lzcnt, ht, tsc, tscinvbit, bmi1, bmi2, adx

Memory: 4k page, physical 8272100k(1515352k free), swap 12173540k(7192k free)

vm_info: Java HotSpot(TM) 64-Bit Server VM (25.151-b12) for windows-amd64 JRE (1.8.0_151-b12), built on Sep  5 2017 19:33:46 by "java_re" with MS VC++ 10.0 (VS2010)

time: Mon Dec 13 11:17:34 2021
elapsed time: 42 seconds (0d 0h 0m 42s)

