#
# There is insufficient memory for the Java Runtime Environment to continue.
# Native memory allocation (malloc) failed to allocate 1048576 bytes for AllocateHeap
# Possible reasons:
#   The system is out of physical RAM or swap space
#   In 32 bit mode, the process size limit was hit
# Possible solutions:
#   Reduce memory load on the system
#   Increase physical memory or swap space
#   Check if swap backing store is full
#   Use 64 bit Java on a 64 bit OS
#   Decrease Java heap size (-Xmx/-Xms)
#   Decrease number of Java threads
#   Decrease Java thread stack sizes (-Xss)
#   Set larger code cache with -XX:ReservedCodeCacheSize=
# This output file may be truncated or incomplete.
#
#  Out of Memory Error (memory/allocation.inline.hpp:61), pid=3204, tid=0x0000000000002f30
#
# JRE version:  (8.0_151-b12) (build )
# Java VM: Java HotSpot(TM) 64-Bit Server VM (25.151-b12 mixed mode windows-amd64 compressed oops)
# Failed to write core dump. Minidumps are not enabled by default on client versions of Windows
#

---------------  T H R E A D  ---------------

Current thread (0x00000000015ee800):  JavaThread "Unknown thread" [_thread_in_vm, id=12080, stack(0x0000000002e90000,0x0000000002f90000)]

Stack: [0x0000000002e90000,0x0000000002f90000]
[error occurred during error reporting (printing stack bounds), id 0xc0000005]

Native frames: (J=compiled Java code, j=interpreted, Vv=VM code, C=native code)


---------------  P R O C E S S  ---------------

Java Threads: ( => current thread )

Other Threads:

=>0x00000000015ee800 (exited) JavaThread "Unknown thread" [_thread_in_vm, id=12080, stack(0x0000000002e90000,0x0000000002f90000)]

VM state:not at safepoint (normal execution)

VM Mutex/Monitor currently owned by a thread: None

Heap:
 PSYoungGen      total 38400K, used 665K [0x00000000d5f00000, 0x00000000d8980000, 0x0000000100000000)
  eden space 33280K, 2% used [0x00000000d5f00000,0x00000000d5fa6670,0x00000000d7f80000)
  from space 5120K, 0% used [0x00000000d8480000,0x00000000d8480000,0x00000000d8980000)
  to   space 5120K, 0% used [0x00000000d7f80000,0x00000000d7f80000,0x00000000d8480000)
 ParOldGen       total 87552K, used 0K [0x0000000081c00000, 0x0000000087180000, 0x00000000d5f00000)
  object space 87552K, 0% used [0x0000000081c00000,0x0000000081c00000,0x0000000087180000)
 Metaspace       used 770K, capacity 4480K, committed 4480K, reserved 1056768K
  class space    used 75K, capacity 384K, committed 384K, reserved 1048576K

Card table byte_map: [0x0000000012530000,0x0000000012930000] byte_map_base: 0x0000000012122000

Marking Bits: (ParMarkBitMap*) 0x000000005c3fd850
 Begin Bits: [0x00000000133e0000, 0x0000000015370000)
 End Bits:   [0x0000000015370000, 0x0000000017300000)

Polling page: 0x00000000015c0000

CodeCache: size=245760Kb used=328Kb max_used=328Kb free=245431Kb
 bounds [0x0000000003170000, 0x00000000033e0000, 0x0000000012170000]
 total_blobs=58 nmethods=0 adapters=38
 compilation: enabled

Compilation events (0 events):
No events

GC Heap History (0 events):
No events

Deoptimization events (0 events):
No events

Internal exceptions (0 events):
No events

Events (10 events):
Event: 0.022 loading class java/lang/Short
Event: 0.022 loading class java/lang/Short done
Event: 0.022 loading class java/lang/Integer
Event: 0.022 loading class java/lang/Integer done
Event: 0.022 loading class java/lang/Long
Event: 0.022 loading class java/lang/Long done
Event: 0.022 loading class java/lang/NullPointerException
Event: 0.022 loading class java/lang/NullPointerException done
Event: 0.022 loading class java/lang/ArithmeticException
Event: 0.022 loading class java/lang/ArithmeticException done


Dynamic libraries:
0x00007ff6eb240000 - 0x00007ff6eb277000 	C:\Program Files\Java\jdk1.8.0_151\jre\bin\java.exe
0x00007ff934950000 - 0x00007ff934b46000 	C:\WINDOWS\SYSTEM32\ntdll.dll
0x00007ff9167d0000 - 0x00007ff9167e5000 	C:\Program Files\Avast Software\Avast\aswhook.dll
0x00007ff932a90000 - 0x00007ff932b4d000 	C:\WINDOWS\System32\KERNEL32.DLL
0x00007ff9324b0000 - 0x00007ff932779000 	C:\WINDOWS\System32\KERNELBASE.dll
0x00007ff9329b0000 - 0x00007ff932a5c000 	C:\WINDOWS\System32\ADVAPI32.dll
0x00007ff932d60000 - 0x00007ff932dfe000 	C:\WINDOWS\System32\msvcrt.dll
0x00007ff932f90000 - 0x00007ff93302c000 	C:\WINDOWS\System32\sechost.dll
0x00007ff9342e0000 - 0x00007ff93440b000 	C:\WINDOWS\System32\RPCRT4.dll
0x00007ff933f00000 - 0x00007ff9340a0000 	C:\WINDOWS\System32\USER32.dll
0x00007ff932480000 - 0x00007ff9324a2000 	C:\WINDOWS\System32\win32u.dll
0x00007ff932a60000 - 0x00007ff932a8a000 	C:\WINDOWS\System32\GDI32.dll
0x00007ff932370000 - 0x00007ff93247b000 	C:\WINDOWS\System32\gdi32full.dll
0x00007ff932780000 - 0x00007ff93281d000 	C:\WINDOWS\System32\msvcp_win.dll
0x00007ff9328b0000 - 0x00007ff9329b0000 	C:\WINDOWS\System32\ucrtbase.dll
0x00007ff9137d0000 - 0x00007ff913a6b000 	C:\WINDOWS\WinSxS\amd64_microsoft.windows.common-controls_6595b64144ccf1df_6.0.19041.746_none_ca02b4b61b8320a4\COMCTL32.dll
0x00007ff9342b0000 - 0x00007ff9342e0000 	C:\WINDOWS\System32\IMM32.DLL
0x000000005e2a0000 - 0x000000005e372000 	C:\Program Files\Java\jdk1.8.0_151\jre\bin\msvcr100.dll
0x000000005bbe0000 - 0x000000005c47d000 	C:\Program Files\Java\jdk1.8.0_151\jre\bin\server\jvm.dll
0x00007ff934490000 - 0x00007ff934498000 	C:\WINDOWS\System32\PSAPI.DLL
0x00007ff927b80000 - 0x00007ff927ba7000 	C:\WINDOWS\SYSTEM32\WINMM.dll
0x00007ff926150000 - 0x00007ff926159000 	C:\WINDOWS\SYSTEM32\WSOCK32.dll
0x00007ff92ce60000 - 0x00007ff92ce6a000 	C:\WINDOWS\SYSTEM32\VERSION.dll
0x00007ff9338c0000 - 0x00007ff93392b000 	C:\WINDOWS\System32\WS2_32.dll
0x000000005e250000 - 0x000000005e25f000 	C:\Program Files\Java\jdk1.8.0_151\jre\bin\verify.dll
0x000000005e220000 - 0x000000005e249000 	C:\Program Files\Java\jdk1.8.0_151\jre\bin\java.dll
0x000000005e200000 - 0x000000005e216000 	C:\Program Files\Java\jdk1.8.0_151\jre\bin\zip.dll

VM Arguments:
jvm_args: -Dfile.encoding=UTF-8 
java_command: Main.Main
java_class_path (initial): C:\Users\HP\Documents\NetBeansProjects\GestionCHU\dist\GestionCHU.jar;C:\Program Files\Java\jdk1.8.0_151\jre\lib\javaws.jar;C:\Program Files\Java\jdk1.8.0_151\jre\lib\deploy.jar;C:\Program Files\Java\jdk1.8.0_151\jre\lib\plugin.jar;C:\Users\HP\Documents\$Licence3\S5\java\cours\fontawesomefx-8.2.jar;C:\Users\HP\Documents\$Licence3\S5\java\cours\jfoenix-8.0.10.jar;C:\Users\HP\Documents\$Licence3\S5\java\cours\mysql-connector-java-8.0.21.jar;C:\Program Files\NetBeans 8.2\ide\modules\ext\mysql-connector-java-5.1.23-bin.jar;C:\Users\HP\Documents\NetBeansProjects\GestionCHU\build\classes
Launcher Type: SUN_STANDARD

Environment Variables:
USERNAME=HP
OS=Windows_NT
PROCESSOR_IDENTIFIER=Intel64 Family 6 Model 142 Stepping 10, GenuineIntel



---------------  S Y S T E M  ---------------

OS: Windows 10.0 , 64 bit Build 19041 (10.0.19041.804)

CPU:total 8 (initial active 8) (4 cores per cpu, 2 threads per core) family 6 model 142 stepping 10, cmov, cx8, fxsr, mmx, sse, sse2, sse3, ssse3, sse4.1, sse4.2, popcnt, avx, avx2, aes, clmul, erms, 3dnowpref, lzcnt, ht, tsc, tscinvbit, bmi1, bmi2, adx

Memory: 4k page, physical 8272100k(1066352k free), swap 12173540k(2916k free)

vm_info: Java HotSpot(TM) 64-Bit Server VM (25.151-b12) for windows-amd64 JRE (1.8.0_151-b12), built on Sep  5 2017 19:33:46 by "java_re" with MS VC++ 10.0 (VS2010)

time: Sun Oct 31 20:54:27 2021
elapsed time: 0 seconds (0d 0h 0m 0s)

